2022-06-15 15:59:17,230 : INFO : main : Request from: 127.0.0.1
2022-06-15 16:05:11,723 : INFO : utils : Email sent to vatsal@fineprint.legal
2022-06-16 11:09:31,743 : INFO : main : Request from: 127.0.0.1
2022-06-16 11:09:31,743 : INFO : main : Request from: 127.0.0.1
2022-06-16 11:10:00,869 : INFO : main : Request from: 127.0.0.1
2022-06-16 11:10:00,869 : INFO : main : Request from: 127.0.0.1
2022-06-16 11:13:59,239 : INFO : utils : CV score for 6225a0c0bae275f2744fa709 is 40
2022-06-16 11:13:59,344 : INFO : utils : CV score for 6225a0c0bae275f2744fa709 is 40
2022-06-16 11:13:59,451 : INFO : utils : CV score for 623b6742c1d3424005250b7b is 0
2022-06-16 11:13:59,560 : INFO : utils : CV score for 623b6742c1d3424005250b7b is 0
2022-06-16 11:13:59,674 : INFO : utils : CV score for 62385a1706329d3f927039e2 is 95
2022-06-16 11:13:59,795 : INFO : utils : CV score for 62385a1706329d3f927039e2 is 95
2022-06-16 11:13:59,923 : INFO : utils : CV score for 62385a1706329d3f927039e2 is 95
2022-06-16 11:14:00,075 : INFO : utils : CV score for 62385a1706329d3f927039e2 is 95
2022-06-16 11:14:00,194 : INFO : utils : CV score for 626b75f6480a77ce612415e6 is 100
2022-06-16 11:14:00,310 : INFO : utils : CV score for 626b75f6480a77ce612415e6 is 100
2022-06-16 11:14:00,423 : INFO : utils : CV score for 629f02fc90cc750651e37b74 is 0
2022-06-16 11:14:00,521 : INFO : utils : CV score for 629f02fc90cc750651e37b74 is 0
2022-06-16 11:14:00,635 : INFO : utils : CV score for 6225ea811888215fa6f744b8 is 70
2022-06-16 11:14:00,737 : INFO : utils : CV score for 6225ea811888215fa6f744b8 is 70
2022-06-16 11:14:30,768 : INFO : utils : CV score for 6225a0c0bae275f2744fa709 is 40
2022-06-16 11:14:30,888 : INFO : utils : CV score for 6225a0c0bae275f2744fa709 is 40
2022-06-16 11:14:30,998 : INFO : utils : CV score for 623b6742c1d3424005250b7b is 0
2022-06-16 11:16:06,838 : INFO : utils : CV score for 6225a0c0bae275f2744fa709 is 40
2022-06-16 11:16:07,037 : INFO : utils : CV score for 6225a0c0bae275f2744fa709 is 40
2022-06-16 11:16:07,180 : INFO : utils : CV score for 623b6742c1d3424005250b7b is 0
2022-06-16 11:17:03,332 : INFO : utils : CV score for 6225a0c0bae275f2744fa709 is 40
2022-06-16 11:17:03,466 : INFO : utils : CV score for 6225a0c0bae275f2744fa709 is 40
2022-06-16 11:17:03,604 : INFO : utils : CV score for 623b6742c1d3424005250b7b is 0
2022-06-16 11:17:31,497 : INFO : utils : CV score for 6225a0c0bae275f2744fa709 is 40
2022-06-16 11:17:31,646 : INFO : utils : CV score for 6225a0c0bae275f2744fa709 is 40
2022-06-16 11:17:31,754 : INFO : utils : CV score for 623b6742c1d3424005250b7b is 0
2022-06-16 11:17:31,879 : INFO : utils : CV score for 623b6742c1d3424005250b7b is 0
2022-06-16 11:17:31,988 : INFO : utils : CV score for 62385a1706329d3f927039e2 is 95
2022-06-16 11:17:32,117 : INFO : utils : CV score for 62385a1706329d3f927039e2 is 95
2022-06-16 11:17:32,225 : INFO : utils : CV score for 62385a1706329d3f927039e2 is 95
2022-06-16 11:17:32,397 : INFO : utils : CV score for 62385a1706329d3f927039e2 is 95
2022-06-16 11:17:32,508 : INFO : utils : CV score for 626b75f6480a77ce612415e6 is 100
2022-06-16 11:17:32,634 : INFO : utils : CV score for 626b75f6480a77ce612415e6 is 100
2022-06-16 11:17:32,743 : INFO : utils : CV score for 629f02fc90cc750651e37b74 is 0
2022-06-16 11:17:32,869 : INFO : utils : CV score for 629f02fc90cc750651e37b74 is 0
2022-06-16 11:17:32,980 : INFO : utils : CV score for 6225ea811888215fa6f744b8 is 70
2022-06-16 11:17:33,100 : INFO : utils : CV score for 6225ea811888215fa6f744b8 is 70
2022-06-16 11:19:20,930 : INFO : utils : CV score for 6225a0c0bae275f2744fa709 is 40
2022-06-16 11:19:21,106 : INFO : utils : CV score for 6225a0c0bae275f2744fa709 is 40
2022-06-16 11:19:21,208 : INFO : utils : CV score for 623b6742c1d3424005250b7b is 0
2022-06-16 11:19:21,357 : INFO : utils : CV score for 623b6742c1d3424005250b7b is 0
2022-06-16 11:19:21,526 : INFO : utils : CV score for 62385a1706329d3f927039e2 is 95
2022-06-16 11:19:21,667 : INFO : utils : CV score for 62385a1706329d3f927039e2 is 95
2022-06-16 11:19:21,820 : INFO : utils : CV score for 62385a1706329d3f927039e2 is 95
2022-06-16 11:19:21,965 : INFO : utils : CV score for 62385a1706329d3f927039e2 is 95
2022-06-16 11:19:22,083 : INFO : utils : CV score for 626b75f6480a77ce612415e6 is 100
2022-06-16 11:19:22,213 : INFO : utils : CV score for 626b75f6480a77ce612415e6 is 100
2022-06-16 11:19:22,330 : INFO : utils : CV score for 629f02fc90cc750651e37b74 is 0
2022-06-16 11:19:22,482 : INFO : utils : CV score for 629f02fc90cc750651e37b74 is 0
2022-06-16 11:19:22,615 : INFO : utils : CV score for 6225ea811888215fa6f744b8 is 70
2022-06-16 11:19:22,784 : INFO : utils : CV score for 6225ea811888215fa6f744b8 is 70
2022-06-16 11:23:03,540 : INFO : utils : CV score for 6225a0c0bae275f2744fa709 is 40
2022-06-16 11:23:03,687 : INFO : utils : CV score for 6225a0c0bae275f2744fa709 is 40
2022-06-16 11:23:03,821 : INFO : utils : CV score for 623b6742c1d3424005250b7b is 0
2022-06-16 11:23:03,983 : INFO : utils : CV score for 623b6742c1d3424005250b7b is 0
2022-06-16 11:23:04,189 : INFO : utils : CV score for 62385a1706329d3f927039e2 is 95
2022-06-16 11:23:04,358 : INFO : utils : CV score for 62385a1706329d3f927039e2 is 95
2022-06-16 11:23:04,482 : INFO : utils : CV score for 62385a1706329d3f927039e2 is 95
2022-06-16 11:23:04,660 : INFO : utils : CV score for 62385a1706329d3f927039e2 is 95
2022-06-16 11:23:04,777 : INFO : utils : CV score for 626b75f6480a77ce612415e6 is 100
2022-06-16 11:23:04,914 : INFO : utils : CV score for 626b75f6480a77ce612415e6 is 100
2022-06-16 11:23:05,028 : INFO : utils : CV score for 629f02fc90cc750651e37b74 is 0
2022-06-16 11:23:05,174 : INFO : utils : CV score for 629f02fc90cc750651e37b74 is 0
2022-06-16 11:23:05,296 : INFO : utils : CV score for 6225ea811888215fa6f744b8 is 70
2022-06-16 11:23:05,429 : INFO : utils : CV score for 6225ea811888215fa6f744b8 is 70
2022-06-16 11:23:42,489 : INFO : utils : Calculating cv score for user 6225a0c0bae275f2744fa709
2022-06-16 11:23:42,619 : INFO : utils : Calculating cv score for user 6225a0c0bae275f2744fa709
2022-06-16 11:23:42,729 : INFO : utils : Calculating cv score for user 623b6742c1d3424005250b7b
2022-06-16 11:23:42,870 : INFO : utils : Calculating cv score for user 623b6742c1d3424005250b7b
2022-06-16 11:23:42,975 : INFO : utils : Calculating cv score for user 62385a1706329d3f927039e2
2022-06-16 11:23:43,135 : INFO : utils : Calculating cv score for user 62385a1706329d3f927039e2
2022-06-16 11:23:43,353 : INFO : utils : Calculating cv score for user 62385a1706329d3f927039e2
2022-06-16 11:23:43,503 : INFO : utils : Calculating cv score for user 62385a1706329d3f927039e2
2022-06-16 11:23:43,684 : INFO : utils : Calculating cv score for user 626b75f6480a77ce612415e6
2022-06-16 11:23:43,880 : INFO : utils : Calculating cv score for user 626b75f6480a77ce612415e6
2022-06-16 11:23:43,993 : INFO : utils : Calculating cv score for user 629f02fc90cc750651e37b74
2022-06-16 11:23:44,124 : INFO : utils : Calculating cv score for user 629f02fc90cc750651e37b74
2022-06-16 11:23:44,237 : INFO : utils : Calculating cv score for user 6225ea811888215fa6f744b8
2022-06-16 11:23:44,367 : INFO : utils : Calculating cv score for user 6225ea811888215fa6f744b8
2022-06-16 11:28:54,887 : INFO : utils : Calculating cv score for user 6225a0c0bae275f2744fa709
2022-06-16 11:28:55,018 : INFO : utils : Calculating cv score for user 6225a0c0bae275f2744fa709
2022-06-16 11:30:21,596 : INFO : utils : Calculating cv score for user 6225a0c0bae275f2744fa709
2022-06-16 11:30:21,751 : INFO : utils : Calculating cv score for user 6225a0c0bae275f2744fa709
2022-06-16 11:30:40,472 : INFO : utils : Calculating cv score for user 6225a0c0bae275f2744fa709
2022-06-16 11:30:40,588 : INFO : utils : Calculating cv score for user 6225a0c0bae275f2744fa709
2022-06-16 11:30:40,747 : INFO : utils : Calculating cv score for user 623b6742c1d3424005250b7b
2022-06-16 11:30:40,916 : INFO : utils : Calculating cv score for user 623b6742c1d3424005250b7b
2022-06-16 11:30:41,052 : INFO : utils : Calculating cv score for user 62385a1706329d3f927039e2
2022-06-16 11:30:41,247 : INFO : utils : Calculating cv score for user 62385a1706329d3f927039e2
2022-06-16 11:30:41,409 : INFO : utils : Calculating cv score for user 62385a1706329d3f927039e2
2022-06-16 11:30:41,547 : INFO : utils : Calculating cv score for user 62385a1706329d3f927039e2
2022-06-16 11:30:41,675 : INFO : utils : Calculating cv score for user 626b75f6480a77ce612415e6
2022-06-16 11:30:41,810 : INFO : utils : Calculating cv score for user 626b75f6480a77ce612415e6
2022-06-16 11:30:41,934 : INFO : utils : Calculating cv score for user 629f02fc90cc750651e37b74
2022-06-16 11:30:42,061 : INFO : utils : Calculating cv score for user 629f02fc90cc750651e37b74
2022-06-16 11:30:42,210 : INFO : utils : Calculating cv score for user 6225ea811888215fa6f744b8
2022-06-16 11:30:42,348 : INFO : utils : Calculating cv score for user 6225ea811888215fa6f744b8
2022-06-16 11:31:35,963 : INFO : utils : Calculating cv score for user 6225a0c0bae275f2744fa709
2022-06-16 11:31:36,075 : INFO : utils : Calculating cv score for user 6225a0c0bae275f2744fa709
2022-06-16 11:31:36,200 : INFO : utils : Calculating cv score for user 623b6742c1d3424005250b7b
2022-06-16 11:31:36,322 : INFO : utils : Calculating cv score for user 623b6742c1d3424005250b7b
2022-06-16 11:31:36,442 : INFO : utils : Calculating cv score for user 62385a1706329d3f927039e2
2022-06-16 11:31:36,606 : INFO : utils : Calculating cv score for user 62385a1706329d3f927039e2
2022-06-16 11:31:36,749 : INFO : utils : Calculating cv score for user 62385a1706329d3f927039e2
2022-06-16 11:31:36,914 : INFO : utils : Calculating cv score for user 62385a1706329d3f927039e2
2022-06-16 11:31:37,051 : INFO : utils : Calculating cv score for user 626b75f6480a77ce612415e6
2022-06-16 11:31:37,179 : INFO : utils : Calculating cv score for user 626b75f6480a77ce612415e6
2022-06-16 11:31:37,301 : INFO : utils : Calculating cv score for user 629f02fc90cc750651e37b74
2022-06-16 11:31:37,438 : INFO : utils : Calculating cv score for user 629f02fc90cc750651e37b74
2022-06-16 11:31:37,742 : INFO : utils : Calculating cv score for user 6225ea811888215fa6f744b8
2022-06-16 11:31:37,881 : INFO : utils : Calculating cv score for user 6225ea811888215fa6f744b8
2022-06-16 11:38:02,518 : INFO : utils : Calculating cv score for user 6225a0c0bae275f2744fa709
2022-06-16 11:38:02,637 : INFO : utils : Calculating cv score for user 6225a0c0bae275f2744fa709
2022-06-16 11:38:02,785 : INFO : utils : Calculating cv score for user 623b6742c1d3424005250b7b
2022-06-16 11:38:45,687 : INFO : utils : Calculating cv score for user 6225a0c0bae275f2744fa709
2022-06-16 11:38:46,256 : INFO : utils : Calculating cv score for user 6225a0c0bae275f2744fa709
2022-06-16 11:38:46,578 : INFO : utils : Calculating cv score for user 623b6742c1d3424005250b7b
2022-06-16 11:38:46,984 : INFO : utils : Calculating cv score for user 623b6742c1d3424005250b7b
2022-06-16 11:38:47,374 : INFO : utils : Calculating cv score for user 62385a1706329d3f927039e2
2022-06-16 11:38:47,724 : INFO : utils : Calculating cv score for user 62385a1706329d3f927039e2
2022-06-16 11:38:48,206 : INFO : utils : Calculating cv score for user 62385a1706329d3f927039e2
2022-06-16 11:38:48,497 : INFO : utils : Calculating cv score for user 62385a1706329d3f927039e2
2022-06-16 11:38:48,680 : INFO : utils : Calculating cv score for user 626b75f6480a77ce612415e6
2022-06-16 11:38:48,924 : INFO : utils : Calculating cv score for user 626b75f6480a77ce612415e6
2022-06-16 11:38:49,167 : INFO : utils : Calculating cv score for user 629f02fc90cc750651e37b74
2022-06-16 11:38:49,536 : INFO : utils : Calculating cv score for user 629f02fc90cc750651e37b74
2022-06-16 11:38:50,457 : INFO : utils : Calculating cv score for user 6225ea811888215fa6f744b8
2022-06-16 11:38:50,743 : INFO : utils : Calculating cv score for user 6225ea811888215fa6f744b8
2022-06-16 11:54:44,801 : INFO : utils : Email sent to vatsal@fineprint.legal
2022-06-16 11:55:43,719 : INFO : utils : Email sent to parul@fineprint.legal
2022-06-16 13:18:53,571 : INFO : utils : Calculating cv score for user 61e15548039c32d4ffb3999f
2022-06-16 13:18:53,788 : INFO : utils : Calculating cv score for user 6226fef5b517ffffe1349b24
2022-06-16 13:18:54,381 : INFO : utils : Calculating cv score for user 61acd3f46b98d3178dd434f1
2022-06-16 13:18:54,967 : INFO : utils : Calculating cv score for user 61baf47b07bca92ee581db13
2022-06-16 13:18:55,543 : INFO : utils : Calculating cv score for user 61dd5b06766161a449f6888a
2022-06-16 13:18:55,822 : INFO : utils : Calculating cv score for user 61f60ac3cf6b336b1341540d
2022-06-16 13:18:56,027 : INFO : utils : Calculating cv score for user 61f6816080917b1d994516ac
2022-06-16 13:18:56,240 : INFO : utils : Calculating cv score for user 61f68169cf6b336b13515884
2022-06-16 13:18:56,504 : INFO : utils : Calculating cv score for user 62020cd825f46369bdf8f3e1
2022-06-16 13:18:56,721 : INFO : utils : Calculating cv score for user 62020ce12e81d8f487123d4c
2022-06-16 13:18:56,971 : INFO : utils : Calculating cv score for user 62020d6125f46369bdf916e7
2022-06-16 13:18:57,157 : INFO : utils : Calculating cv score for user 62020d9f59fe61963735311b
2022-06-16 13:18:57,308 : INFO : utils : Calculating cv score for user 62020e8359fe6196373575d2
2022-06-16 13:18:57,466 : INFO : utils : Calculating cv score for user 620211392e81d8f487135b5b
2022-06-16 13:18:57,778 : INFO : utils : Calculating cv score for user 620fce9073582db0445f2076
2022-06-16 13:18:57,925 : INFO : utils : Calculating cv score for user 6225a0c0bae275f2744fa709
2022-06-16 13:18:58,071 : INFO : utils : Calculating cv score for user 6226e297b1b7597bc5a2112b
2022-06-16 13:18:58,249 : INFO : utils : Calculating cv score for user 6226f571a0091a39de06a676
2022-06-16 13:18:58,438 : INFO : utils : Calculating cv score for user 61dbd426d4ab64500de9aed7
2022-06-16 13:18:58,577 : INFO : utils : Calculating cv score for user 61e7e558977d1f04de0347bc
2022-06-16 13:18:58,713 : INFO : utils : Calculating cv score for user 61f6813bcd001b887d37ae54
2022-06-16 13:18:58,854 : INFO : utils : Calculating cv score for user 61f681fbcf6b336b13516bd9
2022-06-16 13:18:59,123 : INFO : utils : Calculating cv score for user 61f6820479b05cb82f372635
2022-06-16 13:18:59,306 : INFO : utils : Calculating cv score for user 62020cfc25f46369bdf8fc99
2022-06-16 13:18:59,458 : INFO : utils : Calculating cv score for user 62020d4f38ec416d5c89a22b
2022-06-16 13:18:59,604 : INFO : utils : Calculating cv score for user 62020df938ec416d5c89daff
2022-06-16 13:18:59,734 : INFO : utils : Calculating cv score for user 62020e3a59fe6196373563ce
2022-06-16 13:18:59,870 : INFO : utils : Calculating cv score for user 620fcebece3d856c03cada24
2022-06-16 13:19:00,014 : INFO : utils : Calculating cv score for user 62385a1706329d3f927039e2
2022-06-16 13:19:00,169 : INFO : utils : Calculating cv score for user 619f904c7f4bcf0384149664
2022-06-16 13:19:00,308 : INFO : utils : Calculating cv score for user 6225ddaa1888215fa6f7446a
2022-06-16 13:19:00,446 : INFO : utils : Calculating cv score for user 61f60a8dcf6b336b13414f48
2022-06-16 13:19:00,582 : INFO : utils : Calculating cv score for user 62020d322e81d8f4871250ca
2022-06-16 13:19:00,766 : INFO : utils : Calculating cv score for user 61f6817d79b05cb82f3713f5
2022-06-16 13:19:00,921 : INFO : utils : Calculating cv score for user 620fce7dfeaeea9be64bb187
2022-06-16 13:19:01,061 : INFO : utils : Calculating cv score for user 61f68185cd001b887d37b851
2022-06-16 13:19:01,236 : INFO : utils : Calculating cv score for user 61f681b180917b1d99452145
2022-06-16 13:19:01,380 : INFO : utils : Calculating cv score for user 620fced173582db0445f2928
2022-06-16 13:19:01,552 : INFO : utils : Calculating cv score for user 62020e272e81d8f487129db0
2022-06-16 13:19:01,710 : INFO : utils : Calculating cv score for user 62020e4438ec416d5c89edec
2022-06-16 13:19:01,866 : INFO : utils : Calculating cv score for user 6202112425f46369bdfa1039
2022-06-16 13:19:02,003 : INFO : utils : Calculating cv score for user 620fce6273582db0445f1a30
2022-06-16 13:19:02,137 : INFO : utils : Calculating cv score for user 6226dc23b1b7597bc5a21125
2022-06-16 13:19:02,272 : INFO : utils : Calculating cv score for user 61da81f8d4ab64500dd02c19
2022-06-16 13:19:02,403 : INFO : utils : Calculating cv score for user 61f6818ecd001b887d37b996
2022-06-16 13:19:02,540 : INFO : utils : Calculating cv score for user 61f681a080917b1d99451ed9
2022-06-16 13:19:02,699 : INFO : utils : Calculating cv score for user 61f681a9cd001b887d37bd30
2022-06-16 13:19:02,830 : INFO : utils : Calculating cv score for user 62020d3c2e81d8f487125364
2022-06-16 13:19:02,957 : INFO : utils : Calculating cv score for user 62020d7359fe619637352565
2022-06-16 13:19:03,096 : INFO : utils : Calculating cv score for user 62020d962e81d8f487126d39
2022-06-16 13:19:03,232 : INFO : utils : Calculating cv score for user 62020db138ec416d5c89be08
2022-06-16 13:19:03,387 : INFO : utils : Calculating cv score for user 62020ddf59fe6196373543e7
2022-06-16 13:19:03,629 : INFO : utils : Calculating cv score for user 62020e022e81d8f487129441
2022-06-16 13:19:03,900 : INFO : utils : Calculating cv score for user 62020e1d59fe619637355cd6
2022-06-16 13:19:04,114 : INFO : utils : Calculating cv score for user 620fceab1537aac2bef8f74e
2022-06-16 13:19:04,373 : INFO : utils : Calculating cv score for user 6226f609a0091a39de06a678
2022-06-16 13:19:04,618 : INFO : utils : Calculating cv score for user 6225dcb61888215fa6f74468
2022-06-16 13:19:04,832 : INFO : utils : Calculating cv score for user 62224908b10d5295d2332a7d
2022-06-16 13:19:05,067 : INFO : utils : Calculating cv score for user 6225f2fa1888215fa6f744d7
2022-06-16 13:19:05,280 : INFO : utils : Calculating cv score for user 62138da245967510c878ae50
2022-06-16 13:19:05,490 : INFO : utils : Calculating cv score for user 6228895b97168ee8d9be0153
2022-06-16 13:19:05,722 : INFO : utils : Calculating cv score for user 61f6812a79b05cb82f37082e
2022-06-16 13:19:05,946 : INFO : utils : Calculating cv score for user 62020df059fe619637354b06
2022-06-16 13:19:06,155 : INFO : utils : Calculating cv score for user 62020e1438ec416d5c89e206
2022-06-16 13:19:06,325 : INFO : utils : Calculating cv score for user 62020eaf38ec416d5c8a081d
2022-06-16 13:19:06,465 : INFO : utils : Calculating cv score for user 6225de071888215fa6f7446b
2022-06-16 13:19:06,642 : INFO : utils : Calculating cv score for user 6226de79b1b7597bc5a21128
2022-06-16 13:19:06,775 : INFO : utils : Calculating cv score for user 62271a16b517ffffe1349b2a
2022-06-16 13:19:06,907 : INFO : utils : Calculating cv score for user 61f60a58cf6b336b13414a90
2022-06-16 13:19:07,057 : INFO : utils : Calculating cv score for user 61f6819779b05cb82f371791
2022-06-16 13:19:07,186 : INFO : utils : Calculating cv score for user 62020e5e25f46369bdf964f7
2022-06-16 13:19:07,314 : INFO : utils : Calculating cv score for user 62020e9d2e81d8f48712bab2
2022-06-16 13:19:07,454 : INFO : utils : Calculating cv score for user 61b8e80a9a7c69284a41dea1
2022-06-16 13:19:07,587 : INFO : utils : Calculating cv score for user 61f6820dcd001b887d37cb10
2022-06-16 13:19:07,751 : INFO : utils : Calculating cv score for user 62020d5838ec416d5c89a484
2022-06-16 13:19:07,889 : INFO : utils : Calculating cv score for user 62020dba25f46369bdf93043
2022-06-16 13:19:08,021 : INFO : utils : Calculating cv score for user 620fceb473582db0445f2539
2022-06-16 13:19:08,166 : INFO : utils : Calculating cv score for user 6222489eb10d5295d2332a7b
2022-06-16 13:19:08,312 : INFO : utils : Calculating cv score for user 61f6814e80917b1d994513f0
2022-06-16 13:19:08,452 : INFO : utils : Calculating cv score for user 61f68173cd001b887d37b625
2022-06-16 13:19:08,584 : INFO : utils : Calculating cv score for user 61f681f279b05cb82f3723d7
2022-06-16 13:19:08,732 : INFO : utils : Calculating cv score for user 62020cf32e81d8f4871241b4
2022-06-16 13:19:08,959 : INFO : utils : Calculating cv score for user 62020d4538ec416d5c899f88
2022-06-16 13:19:09,101 : INFO : utils : Calculating cv score for user 62020d6a59fe6196373522b6
2022-06-16 13:19:09,232 : INFO : utils : Calculating cv score for user 62020e7a38ec416d5c89fb63
2022-06-16 13:19:09,372 : INFO : utils : Calculating cv score for user 62020e9425f46369bdf97180
2022-06-16 13:19:09,509 : INFO : utils : Calculating cv score for user 620fce9a73582db0445f21b9
2022-06-16 13:19:09,668 : INFO : utils : Calculating cv score for user 620fcec8ce3d856c03cadb82
2022-06-16 13:19:09,823 : INFO : utils : Calculating cv score for user 6230cbfc06329d3f927039c2
2022-06-16 13:19:09,962 : INFO : utils : Calculating cv score for user 6229db244c7cfbd3e1b8ab87
2022-06-16 13:19:10,120 : INFO : utils : Calculating cv score for user 61f60af1cf6b336b1341581c
2022-06-16 13:19:10,261 : INFO : utils : Calculating cv score for user 61f68144cf6b336b13515333
2022-06-16 13:19:10,404 : INFO : utils : Calculating cv score for user 62020d8e38ec416d5c89b41a
2022-06-16 13:19:10,536 : INFO : utils : Calculating cv score for user 62020dd625f46369bdf93898
2022-06-16 13:19:10,674 : INFO : utils : Calculating cv score for user 62020e7138ec416d5c89f92f
2022-06-16 13:19:10,840 : INFO : utils : Calculating cv score for user 620e03a8869fdfc8bf6f29c1
2022-06-16 13:19:11,002 : INFO : utils : Calculating cv score for user 62277e34e004fd45b2c2a69c
2022-06-16 13:19:11,144 : INFO : utils : Calculating cv score for user 61f68157cf6b336b1351563e
2022-06-16 13:19:11,291 : INFO : utils : Calculating cv score for user 61f681bacf6b336b1351630b
2022-06-16 13:19:11,443 : INFO : utils : Calculating cv score for user 61f681cd80917b1d99452545
2022-06-16 13:19:11,580 : INFO : utils : Calculating cv score for user 62020e0b59fe619637355811
2022-06-16 13:19:11,747 : INFO : utils : Calculating cv score for user 62020e5538ec416d5c89f291
2022-06-16 13:19:11,978 : INFO : utils : Calculating cv score for user 61fbcfc75d19489e2d579b85
2022-06-16 13:19:12,164 : INFO : utils : Calculating cv score for user 6214e4a24ea45d042b8c4338
2022-06-16 13:19:12,296 : INFO : utils : Calculating cv score for user 61b22e029a7c69284a044f78
2022-06-16 13:19:12,545 : INFO : utils : Calculating cv score for user 6225dbe71888215fa6f74466
2022-06-16 13:19:12,769 : INFO : utils : Calculating cv score for user 61f6813280917b1d99450fb9
2022-06-16 13:19:12,966 : INFO : utils : Calculating cv score for user 6225ea811888215fa6f744b8
2022-06-16 13:19:13,224 : INFO : utils : Calculating cv score for user 62020d0e25f46369bdf900aa
2022-06-16 13:19:13,501 : INFO : utils : Calculating cv score for user 61c94f35766161a449a657d7
2022-06-16 13:19:13,735 : INFO : utils : Calculating cv score for user 61dd233dd4ab64500d1a50ba
2022-06-16 13:19:13,937 : INFO : utils : Calculating cv score for user 62020d0559fe619637350715
2022-06-16 13:19:14,159 : INFO : utils : Calculating cv score for user 62020d7b2e81d8f4871265c8
2022-06-16 13:19:14,360 : INFO : utils : Calculating cv score for user 62020d8525f46369bdf9212a
2022-06-16 13:19:14,560 : INFO : utils : Calculating cv score for user 62020e312e81d8f48712a02e
2022-06-16 13:19:14,793 : INFO : utils : Calculating cv score for user 62020e4d25f46369bdf95ffb
2022-06-16 13:19:15,007 : INFO : utils : Calculating cv score for user 62020e8c38ec416d5c89ffa7
2022-06-16 13:19:15,242 : INFO : utils : Calculating cv score for user 62039efe2e81d8f4875f93dd
2022-06-16 13:19:15,425 : INFO : utils : Calculating cv score for user 620fce7473582db0445f1cb5
2022-06-16 13:19:15,567 : INFO : utils : Calculating cv score for user 61dc41f0766161a449d83615
2022-06-16 13:19:15,696 : INFO : utils : Calculating cv score for user 61dc41f9766161a449d83753
2022-06-16 13:19:15,844 : INFO : utils : Calculating cv score for user 61f681e980917b1d994528fd
2022-06-16 13:19:15,973 : INFO : utils : Calculating cv score for user 62020d172e81d8f4871249f6
2022-06-16 13:19:16,106 : INFO : utils : Calculating cv score for user 62020d2938ec416d5c899809
2022-06-16 13:19:16,302 : INFO : utils : Calculating cv score for user 62020dc438ec416d5c89c3e0
2022-06-16 13:19:16,506 : INFO : utils : Calculating cv score for user 62020e6759fe619637356f2b
2022-06-16 13:19:16,649 : INFO : utils : Calculating cv score for user 620c773ae4a25d1ccb955f89
2022-06-16 13:19:16,776 : INFO : utils : Calculating cv score for user 620fcee4feaeea9be64bbf38
2022-06-16 13:19:16,967 : INFO : utils : Calculating cv score for user 623081116dd8b2bef341c898
2022-06-16 13:19:17,098 : INFO : utils : Calculating cv score for user 61f681e079b05cb82f37217c
2022-06-16 13:19:17,235 : INFO : utils : Calculating cv score for user 62020cea2e81d8f487123f69
2022-06-16 13:19:17,369 : INFO : utils : Calculating cv score for user 62020d202e81d8f487124c13
2022-06-16 13:19:17,505 : INFO : utils : Calculating cv score for user 62020da825f46369bdf92afa
2022-06-16 13:19:17,638 : INFO : utils : Calculating cv score for user 62020de859fe6196373546b0
2022-06-16 13:19:17,826 : INFO : utils : Calculating cv score for user 62020ea625f46369bdf975c7
2022-06-16 13:19:18,022 : INFO : utils : Calculating cv score for user 620fce58ce3d856c03cacc6a
2022-06-16 13:19:18,161 : INFO : utils : Calculating cv score for user 620fce6b1537aac2bef8ee73
2022-06-16 13:19:18,305 : INFO : utils : Calculating cv score for user 620fcedbce3d856c03cade19
2022-06-16 13:19:18,441 : INFO : utils : Calculating cv score for user 61acd41b6b98d3178dd43a85
2022-06-16 13:19:18,606 : INFO : utils : Calculating cv score for user 61f681c480917b1d994523fc
2022-06-16 13:19:18,756 : INFO : utils : Calculating cv score for user 61f681d7cd001b887d37c3be
2022-06-16 13:19:18,929 : INFO : utils : Calculating cv score for user 62020dcd2e81d8f487127d17
2022-06-16 13:19:19,061 : INFO : utils : Calculating cv score for user 6202112f25f46369bdfa12be
2022-06-16 13:19:19,197 : INFO : utils : Calculating cv score for user 62039f2b38ec416d5cd6dda1
2022-06-16 13:19:19,369 : INFO : utils : Calculating cv score for user 6208a34ed590e62ab359e3f0
2022-06-16 13:19:19,532 : INFO : utils : Calculating cv score for user 620fce8773582db0445f1f2c
2022-06-16 13:19:19,672 : INFO : utils : Calculating cv score for user 620fcea2ce3d856c03cad67e
2022-06-16 13:19:19,804 : INFO : utils : Calculating cv score for user 623c08ab3fc16bc9ed1aa3f0
2022-06-16 13:19:19,942 : INFO : utils : Calculating cv score for user 623d62edf8ad975c68ba5bf7
2022-06-16 13:19:20,077 : INFO : utils : Calculating cv score for user 623d62eef8ad975c68ba5bf9
2022-06-16 13:19:20,329 : INFO : utils : Calculating cv score for user 623d6a3e0c48e9e0a109670b
2022-06-16 13:19:20,572 : INFO : utils : Calculating cv score for user 62464095b2a3506d9fa9fa2e
2022-06-16 13:19:20,825 : INFO : utils : Calculating cv score for user 62464096b2a3506d9fa9fa30
2022-06-16 13:19:21,047 : INFO : utils : Calculating cv score for user 624be205c422d50ddd638313
2022-06-16 13:19:21,235 : INFO : utils : Calculating cv score for user 624be206c422d50ddd638315
2022-06-16 13:19:21,460 : INFO : utils : Calculating cv score for user 624be207c422d50ddd638317
2022-06-16 13:19:21,651 : INFO : utils : Calculating cv score for user 624be208c422d50ddd638319
2022-06-16 13:19:21,887 : INFO : utils : Calculating cv score for user 624be209c422d50ddd63831b
2022-06-16 13:19:22,098 : INFO : utils : Calculating cv score for user 624be20ac422d50ddd63831d
2022-06-16 13:19:22,335 : INFO : utils : Calculating cv score for user 624be20cc422d50ddd638321
2022-06-16 13:19:22,544 : INFO : utils : Calculating cv score for user 624be20dc422d50ddd638323
2022-06-16 13:19:22,754 : INFO : utils : Calculating cv score for user 624be20ec422d50ddd638325
2022-06-16 13:19:22,996 : INFO : utils : Calculating cv score for user 624be20fc422d50ddd638327
2022-06-16 13:19:23,221 : INFO : utils : Calculating cv score for user 624e8b25d92a9fc6d0585ef6
2022-06-16 13:19:23,414 : INFO : utils : Calculating cv score for user 624ec6303f217dadfad02c08
2022-06-16 13:19:23,657 : INFO : utils : Calculating cv score for user 6253c36f9c889bb5c7a4cb6a
2022-06-16 13:19:23,922 : INFO : utils : Calculating cv score for user 626b75f6480a77ce612415e6
2022-06-16 13:19:24,159 : INFO : utils : Calculating cv score for user 627bac6cbf38b197aae9500e
2022-06-16 13:19:24,403 : INFO : utils : Calculating cv score for user 627bac6dbf38b197aae95010
2022-06-16 13:19:24,600 : INFO : utils : Calculating cv score for user 629f02fc90cc750651e37b74
2022-06-16 13:19:24,823 : INFO : utils : Calculating cv score for user 62a7c646e10c1e1d01fe89ce
2022-06-16 13:19:25,031 : INFO : utils : Calculating cv score for user 62aa791fe5755cf6eded4a10
2022-06-16 13:19:25,244 : INFO : utils : Calculating cv score for user 623b6742c1d3424005250b7b
2022-06-16 13:20:39,070 : INFO : utils : Calculating cv score for user 61e15548039c32d4ffb3999f
2022-06-16 13:20:39,279 : INFO : utils : Calculating cv score for user 6226fef5b517ffffe1349b24
2022-06-16 13:20:39,509 : INFO : utils : Calculating cv score for user 61acd3f46b98d3178dd434f1
2022-06-16 13:20:39,754 : INFO : utils : Calculating cv score for user 61baf47b07bca92ee581db13
2022-06-16 13:20:39,966 : INFO : utils : Calculating cv score for user 61dd5b06766161a449f6888a
2022-06-16 13:20:40,192 : INFO : utils : Calculating cv score for user 61f60ac3cf6b336b1341540d
2022-06-16 13:20:40,445 : INFO : utils : Calculating cv score for user 61f6816080917b1d994516ac
2022-06-16 13:20:40,708 : INFO : utils : Calculating cv score for user 61f68169cf6b336b13515884
2022-06-16 13:20:40,967 : INFO : utils : Calculating cv score for user 62020cd825f46369bdf8f3e1
2022-06-16 13:20:41,203 : INFO : utils : Calculating cv score for user 62020ce12e81d8f487123d4c
2022-06-16 13:20:41,462 : INFO : utils : Calculating cv score for user 62020d6125f46369bdf916e7
2022-06-16 13:20:41,756 : INFO : utils : Calculating cv score for user 62020d9f59fe61963735311b
2022-06-16 13:20:42,004 : INFO : utils : Calculating cv score for user 62020e8359fe6196373575d2
2022-06-16 13:20:42,242 : INFO : utils : Calculating cv score for user 620211392e81d8f487135b5b
2022-06-16 13:20:42,459 : INFO : utils : Calculating cv score for user 620fce9073582db0445f2076
2022-06-16 13:20:42,669 : INFO : utils : Calculating cv score for user 6225a0c0bae275f2744fa709
2022-06-16 13:20:42,905 : INFO : utils : Calculating cv score for user 6226e297b1b7597bc5a2112b
2022-06-16 13:20:43,104 : INFO : utils : Calculating cv score for user 6226f571a0091a39de06a676
2022-06-16 13:20:43,266 : INFO : utils : Calculating cv score for user 61dbd426d4ab64500de9aed7
2022-06-16 13:20:43,431 : INFO : utils : Calculating cv score for user 61e7e558977d1f04de0347bc
2022-06-16 13:20:43,613 : INFO : utils : Calculating cv score for user 61f6813bcd001b887d37ae54
2022-06-16 13:20:43,757 : INFO : utils : Calculating cv score for user 61f681fbcf6b336b13516bd9
2022-06-16 13:20:43,878 : INFO : utils : Calculating cv score for user 61f6820479b05cb82f372635
2022-06-16 13:20:44,009 : INFO : utils : Calculating cv score for user 62020cfc25f46369bdf8fc99
2022-06-16 13:20:44,162 : INFO : utils : Calculating cv score for user 62020d4f38ec416d5c89a22b
2022-06-16 13:20:44,314 : INFO : utils : Calculating cv score for user 62020df938ec416d5c89daff
2022-06-16 13:20:44,455 : INFO : utils : Calculating cv score for user 62020e3a59fe6196373563ce
2022-06-16 13:20:44,596 : INFO : utils : Calculating cv score for user 620fcebece3d856c03cada24
2022-06-16 13:20:44,814 : INFO : utils : Calculating cv score for user 62385a1706329d3f927039e2
2022-06-16 13:20:45,070 : INFO : utils : Calculating cv score for user 619f904c7f4bcf0384149664
2022-06-16 13:20:45,267 : INFO : utils : Calculating cv score for user 6225ddaa1888215fa6f7446a
2022-06-16 13:20:45,454 : INFO : utils : Calculating cv score for user 61f60a8dcf6b336b13414f48
2022-06-16 13:20:45,646 : INFO : utils : Calculating cv score for user 62020d322e81d8f4871250ca
2022-06-16 13:20:45,818 : INFO : utils : Calculating cv score for user 61f6817d79b05cb82f3713f5
2022-06-16 13:20:46,018 : INFO : utils : Calculating cv score for user 620fce7dfeaeea9be64bb187
2022-06-16 13:20:46,271 : INFO : utils : Calculating cv score for user 61f68185cd001b887d37b851
2022-06-16 13:20:46,509 : INFO : utils : Calculating cv score for user 61f681b180917b1d99452145
2022-06-16 13:20:46,737 : INFO : utils : Calculating cv score for user 620fced173582db0445f2928
2022-06-16 13:20:46,925 : INFO : utils : Calculating cv score for user 62020e272e81d8f487129db0
2022-06-16 13:20:47,148 : INFO : utils : Calculating cv score for user 62020e4438ec416d5c89edec
2022-06-16 13:20:47,352 : INFO : utils : Calculating cv score for user 6202112425f46369bdfa1039
2022-06-16 13:20:47,521 : INFO : utils : Calculating cv score for user 620fce6273582db0445f1a30
2022-06-16 13:20:47,657 : INFO : utils : Calculating cv score for user 6226dc23b1b7597bc5a21125
2022-06-16 13:20:47,821 : INFO : utils : Calculating cv score for user 61da81f8d4ab64500dd02c19
2022-06-16 13:20:47,975 : INFO : utils : Calculating cv score for user 61f6818ecd001b887d37b996
2022-06-16 13:20:48,157 : INFO : utils : Calculating cv score for user 61f681a080917b1d99451ed9
2022-06-16 13:20:48,360 : INFO : utils : Calculating cv score for user 61f681a9cd001b887d37bd30
2022-06-16 13:20:48,603 : INFO : utils : Calculating cv score for user 62020d3c2e81d8f487125364
2022-06-16 13:20:48,834 : INFO : utils : Calculating cv score for user 62020d7359fe619637352565
2022-06-16 13:20:49,069 : INFO : utils : Calculating cv score for user 62020d962e81d8f487126d39
2022-06-16 13:20:49,310 : INFO : utils : Calculating cv score for user 62020db138ec416d5c89be08
2022-06-16 13:20:49,451 : INFO : utils : Calculating cv score for user 62020ddf59fe6196373543e7
2022-06-16 13:20:49,602 : INFO : utils : Calculating cv score for user 62020e022e81d8f487129441
2022-06-16 13:20:49,743 : INFO : utils : Calculating cv score for user 62020e1d59fe619637355cd6
2022-06-16 13:20:49,896 : INFO : utils : Calculating cv score for user 620fceab1537aac2bef8f74e
2022-06-16 13:20:50,042 : INFO : utils : Calculating cv score for user 6226f609a0091a39de06a678
2022-06-16 13:20:50,183 : INFO : utils : Calculating cv score for user 6225dcb61888215fa6f74468
2022-06-16 13:20:50,359 : INFO : utils : Calculating cv score for user 62224908b10d5295d2332a7d
2022-06-16 13:20:50,509 : INFO : utils : Calculating cv score for user 6225f2fa1888215fa6f744d7
2022-06-16 13:20:50,661 : INFO : utils : Calculating cv score for user 62138da245967510c878ae50
2022-06-16 13:20:50,798 : INFO : utils : Calculating cv score for user 6228895b97168ee8d9be0153
2022-06-16 13:20:50,948 : INFO : utils : Calculating cv score for user 61f6812a79b05cb82f37082e
2022-06-16 13:20:51,174 : INFO : utils : Calculating cv score for user 62020df059fe619637354b06
2022-06-16 13:20:51,426 : INFO : utils : Calculating cv score for user 62020e1438ec416d5c89e206
2022-06-16 13:20:51,585 : INFO : utils : Calculating cv score for user 62020eaf38ec416d5c8a081d
2022-06-16 13:20:51,720 : INFO : utils : Calculating cv score for user 6225de071888215fa6f7446b
2022-06-16 13:20:51,853 : INFO : utils : Calculating cv score for user 6226de79b1b7597bc5a21128
2022-06-16 13:20:51,999 : INFO : utils : Calculating cv score for user 62271a16b517ffffe1349b2a
2022-06-16 13:20:52,135 : INFO : utils : Calculating cv score for user 61f60a58cf6b336b13414a90
2022-06-16 13:20:52,385 : INFO : utils : Calculating cv score for user 61f6819779b05cb82f371791
2022-06-16 13:20:52,544 : INFO : utils : Calculating cv score for user 62020e5e25f46369bdf964f7
2022-06-16 13:20:52,771 : INFO : utils : Calculating cv score for user 62020e9d2e81d8f48712bab2
2022-06-16 13:20:52,972 : INFO : utils : Calculating cv score for user 61b8e80a9a7c69284a41dea1
2022-06-16 13:20:53,110 : INFO : utils : Calculating cv score for user 61f6820dcd001b887d37cb10
2022-06-16 13:20:53,292 : INFO : utils : Calculating cv score for user 62020d5838ec416d5c89a484
2022-06-16 13:20:53,515 : INFO : utils : Calculating cv score for user 62020dba25f46369bdf93043
2022-06-16 13:20:53,739 : INFO : utils : Calculating cv score for user 620fceb473582db0445f2539
2022-06-16 13:20:53,958 : INFO : utils : Calculating cv score for user 6222489eb10d5295d2332a7b
2022-06-16 13:20:54,181 : INFO : utils : Calculating cv score for user 61f6814e80917b1d994513f0
2022-06-16 13:20:54,413 : INFO : utils : Calculating cv score for user 61f68173cd001b887d37b625
2022-06-16 13:20:54,644 : INFO : utils : Calculating cv score for user 61f681f279b05cb82f3723d7
2022-06-16 13:20:54,876 : INFO : utils : Calculating cv score for user 62020cf32e81d8f4871241b4
2022-06-16 13:20:55,089 : INFO : utils : Calculating cv score for user 62020d4538ec416d5c899f88
2022-06-16 13:20:55,303 : INFO : utils : Calculating cv score for user 62020d6a59fe6196373522b6
2022-06-16 13:20:55,504 : INFO : utils : Calculating cv score for user 62020e7a38ec416d5c89fb63
2022-06-16 13:20:55,698 : INFO : utils : Calculating cv score for user 62020e9425f46369bdf97180
2022-06-16 13:20:55,886 : INFO : utils : Calculating cv score for user 620fce9a73582db0445f21b9
2022-06-16 13:20:56,140 : INFO : utils : Calculating cv score for user 620fcec8ce3d856c03cadb82
2022-06-16 13:20:56,374 : INFO : utils : Calculating cv score for user 6230cbfc06329d3f927039c2
2022-06-16 13:20:56,575 : INFO : utils : Calculating cv score for user 6229db244c7cfbd3e1b8ab87
2022-06-16 13:20:56,816 : INFO : utils : Calculating cv score for user 61f60af1cf6b336b1341581c
2022-06-16 13:20:56,998 : INFO : utils : Calculating cv score for user 61f68144cf6b336b13515333
2022-06-16 13:20:57,191 : INFO : utils : Calculating cv score for user 62020d8e38ec416d5c89b41a
2022-06-16 13:20:57,408 : INFO : utils : Calculating cv score for user 62020dd625f46369bdf93898
2022-06-16 13:20:57,540 : INFO : utils : Calculating cv score for user 62020e7138ec416d5c89f92f
2022-06-16 13:20:57,687 : INFO : utils : Calculating cv score for user 620e03a8869fdfc8bf6f29c1
2022-06-16 13:20:57,840 : INFO : utils : Calculating cv score for user 62277e34e004fd45b2c2a69c
2022-06-16 13:20:57,994 : INFO : utils : Calculating cv score for user 61f68157cf6b336b1351563e
2022-06-16 13:20:58,201 : INFO : utils : Calculating cv score for user 61f681bacf6b336b1351630b
2022-06-16 13:20:58,414 : INFO : utils : Calculating cv score for user 61f681cd80917b1d99452545
2022-06-16 13:20:58,584 : INFO : utils : Calculating cv score for user 62020e0b59fe619637355811
2022-06-16 13:20:58,749 : INFO : utils : Calculating cv score for user 62020e5538ec416d5c89f291
2022-06-16 13:20:58,899 : INFO : utils : Calculating cv score for user 61fbcfc75d19489e2d579b85
2022-06-16 13:20:59,038 : INFO : utils : Calculating cv score for user 6214e4a24ea45d042b8c4338
2022-06-16 13:20:59,184 : INFO : utils : Calculating cv score for user 61b22e029a7c69284a044f78
2022-06-16 13:20:59,320 : INFO : utils : Calculating cv score for user 6225dbe71888215fa6f74466
2022-06-16 13:20:59,504 : INFO : utils : Calculating cv score for user 61f6813280917b1d99450fb9
2022-06-16 13:20:59,641 : INFO : utils : Calculating cv score for user 6225ea811888215fa6f744b8
2022-06-16 13:20:59,889 : INFO : utils : Calculating cv score for user 62020d0e25f46369bdf900aa
2022-06-16 13:21:00,131 : INFO : utils : Calculating cv score for user 61c94f35766161a449a657d7
2022-06-16 13:21:00,289 : INFO : utils : Calculating cv score for user 61dd233dd4ab64500d1a50ba
2022-06-16 13:21:00,426 : INFO : utils : Calculating cv score for user 62020d0559fe619637350715
2022-06-16 13:21:00,612 : INFO : utils : Calculating cv score for user 62020d7b2e81d8f4871265c8
2022-06-16 13:21:00,788 : INFO : utils : Calculating cv score for user 62020d8525f46369bdf9212a
2022-06-16 13:21:00,939 : INFO : utils : Calculating cv score for user 62020e312e81d8f48712a02e
2022-06-16 13:21:01,090 : INFO : utils : Calculating cv score for user 62020e4d25f46369bdf95ffb
2022-06-16 13:21:01,222 : INFO : utils : Calculating cv score for user 62020e8c38ec416d5c89ffa7
2022-06-16 13:21:01,359 : INFO : utils : Calculating cv score for user 62039efe2e81d8f4875f93dd
2022-06-16 13:21:01,578 : INFO : utils : Calculating cv score for user 620fce7473582db0445f1cb5
2022-06-16 13:21:01,829 : INFO : utils : Calculating cv score for user 61dc41f0766161a449d83615
2022-06-16 13:21:02,064 : INFO : utils : Calculating cv score for user 61dc41f9766161a449d83753
2022-06-16 13:21:02,273 : INFO : utils : Calculating cv score for user 61f681e980917b1d994528fd
2022-06-16 13:21:02,728 : INFO : utils : Calculating cv score for user 62020d172e81d8f4871249f6
2022-06-16 13:21:03,202 : INFO : utils : Calculating cv score for user 62020d2938ec416d5c899809
2022-06-16 13:21:03,477 : INFO : utils : Calculating cv score for user 62020dc438ec416d5c89c3e0
2022-06-16 13:21:03,718 : INFO : utils : Calculating cv score for user 62020e6759fe619637356f2b
2022-06-16 13:21:03,970 : INFO : utils : Calculating cv score for user 620c773ae4a25d1ccb955f89
2022-06-16 13:21:04,195 : INFO : utils : Calculating cv score for user 620fcee4feaeea9be64bbf38
2022-06-16 13:21:04,433 : INFO : utils : Calculating cv score for user 623081116dd8b2bef341c898
2022-06-16 13:21:04,653 : INFO : utils : Calculating cv score for user 61f681e079b05cb82f37217c
2022-06-16 13:21:04,825 : INFO : utils : Calculating cv score for user 62020cea2e81d8f487123f69
2022-06-16 13:21:04,962 : INFO : utils : Calculating cv score for user 62020d202e81d8f487124c13
2022-06-16 13:21:05,097 : INFO : utils : Calculating cv score for user 62020da825f46369bdf92afa
2022-06-16 13:21:05,218 : INFO : utils : Calculating cv score for user 62020de859fe6196373546b0
2022-06-16 13:21:05,434 : INFO : utils : Calculating cv score for user 62020ea625f46369bdf975c7
2022-06-16 13:21:05,555 : INFO : utils : Calculating cv score for user 620fce58ce3d856c03cacc6a
2022-06-16 13:21:05,678 : INFO : utils : Calculating cv score for user 620fce6b1537aac2bef8ee73
2022-06-16 13:21:05,855 : INFO : utils : Calculating cv score for user 620fcedbce3d856c03cade19
2022-06-16 13:21:06,000 : INFO : utils : Calculating cv score for user 61acd41b6b98d3178dd43a85
2022-06-16 13:21:06,125 : INFO : utils : Calculating cv score for user 61f681c480917b1d994523fc
2022-06-16 13:21:06,289 : INFO : utils : Calculating cv score for user 61f681d7cd001b887d37c3be
2022-06-16 13:21:06,416 : INFO : utils : Calculating cv score for user 62020dcd2e81d8f487127d17
2022-06-16 13:21:06,561 : INFO : utils : Calculating cv score for user 6202112f25f46369bdfa12be
2022-06-16 13:21:06,686 : INFO : utils : Calculating cv score for user 62039f2b38ec416d5cd6dda1
2022-06-16 13:21:06,831 : INFO : utils : Calculating cv score for user 6208a34ed590e62ab359e3f0
2022-06-16 13:21:06,962 : INFO : utils : Calculating cv score for user 620fce8773582db0445f1f2c
2022-06-16 13:21:07,093 : INFO : utils : Calculating cv score for user 620fcea2ce3d856c03cad67e
2022-06-16 13:21:07,257 : INFO : utils : Calculating cv score for user 623c08ab3fc16bc9ed1aa3f0
2022-06-16 13:21:07,407 : INFO : utils : Calculating cv score for user 623d62edf8ad975c68ba5bf7
2022-06-16 13:21:07,574 : INFO : utils : Calculating cv score for user 623d62eef8ad975c68ba5bf9
2022-06-16 13:21:07,712 : INFO : utils : Calculating cv score for user 623d6a3e0c48e9e0a109670b
2022-06-16 13:21:07,848 : INFO : utils : Calculating cv score for user 62464095b2a3506d9fa9fa2e
2022-06-16 13:21:08,108 : INFO : utils : Calculating cv score for user 62464096b2a3506d9fa9fa30
2022-06-16 13:21:08,345 : INFO : utils : Calculating cv score for user 624be205c422d50ddd638313
2022-06-16 13:21:08,600 : INFO : utils : Calculating cv score for user 624be206c422d50ddd638315
2022-06-16 13:21:08,818 : INFO : utils : Calculating cv score for user 624be207c422d50ddd638317
2022-06-16 13:21:09,191 : INFO : utils : Calculating cv score for user 624be208c422d50ddd638319
2022-06-16 13:21:09,426 : INFO : utils : Calculating cv score for user 624be209c422d50ddd63831b
2022-06-16 13:21:10,005 : INFO : utils : Calculating cv score for user 624be20ac422d50ddd63831d
2022-06-16 13:21:10,169 : INFO : utils : Calculating cv score for user 624be20cc422d50ddd638321
2022-06-16 13:21:10,306 : INFO : utils : Calculating cv score for user 624be20dc422d50ddd638323
2022-06-16 13:21:10,440 : INFO : utils : Calculating cv score for user 624be20ec422d50ddd638325
2022-06-16 13:21:10,869 : INFO : utils : Calculating cv score for user 624be20fc422d50ddd638327
2022-06-16 13:21:11,204 : INFO : utils : Calculating cv score for user 624e8b25d92a9fc6d0585ef6
2022-06-16 13:21:11,377 : INFO : utils : Calculating cv score for user 624ec6303f217dadfad02c08
2022-06-16 13:21:11,606 : INFO : utils : Calculating cv score for user 6253c36f9c889bb5c7a4cb6a
2022-06-16 13:21:11,854 : INFO : utils : Calculating cv score for user 626b75f6480a77ce612415e6
2022-06-16 13:21:12,129 : INFO : utils : Calculating cv score for user 627bac6cbf38b197aae9500e
2022-06-16 13:21:12,356 : INFO : utils : Calculating cv score for user 627bac6dbf38b197aae95010
2022-06-16 13:21:12,632 : INFO : utils : Calculating cv score for user 629f02fc90cc750651e37b74
2022-06-16 13:21:12,867 : INFO : utils : Calculating cv score for user 62a7c646e10c1e1d01fe89ce
2022-06-16 13:21:13,097 : INFO : utils : Calculating cv score for user 62aa791fe5755cf6eded4a10
2022-06-16 13:21:13,341 : INFO : utils : Calculating cv score for user 623b6742c1d3424005250b7b
2022-06-16 13:53:18,801 : INFO : utils : Calculating cv score for user 61e15548039c32d4ffb3999f
2022-06-16 13:53:18,940 : INFO : utils : Calculating cv score for user 6226fef5b517ffffe1349b24
2022-06-16 13:53:19,086 : INFO : utils : Calculating cv score for user 61acd3f46b98d3178dd434f1
2022-06-16 13:53:19,214 : INFO : utils : Calculating cv score for user 61baf47b07bca92ee581db13
2022-06-16 13:53:19,361 : INFO : utils : Calculating cv score for user 61dd5b06766161a449f6888a
2022-06-16 13:53:19,515 : INFO : utils : Calculating cv score for user 61f60ac3cf6b336b1341540d
2022-06-16 13:53:19,634 : INFO : utils : Calculating cv score for user 61f6816080917b1d994516ac
2022-06-16 13:53:19,756 : INFO : utils : Calculating cv score for user 61f68169cf6b336b13515884
2022-06-16 13:53:19,908 : INFO : utils : Calculating cv score for user 62020cd825f46369bdf8f3e1
2022-06-16 13:53:20,042 : INFO : utils : Calculating cv score for user 62020ce12e81d8f487123d4c
2022-06-16 13:53:20,179 : INFO : utils : Calculating cv score for user 62020d6125f46369bdf916e7
2022-06-16 13:53:20,312 : INFO : utils : Calculating cv score for user 62020d9f59fe61963735311b
2022-06-16 13:53:20,440 : INFO : utils : Calculating cv score for user 62020e8359fe6196373575d2
2022-06-16 13:53:20,591 : INFO : utils : Calculating cv score for user 620211392e81d8f487135b5b
2022-06-16 13:53:20,728 : INFO : utils : Calculating cv score for user 620fce9073582db0445f2076
2022-06-16 13:53:20,847 : INFO : utils : Calculating cv score for user 6225a0c0bae275f2744fa709
2022-06-16 13:53:20,986 : INFO : utils : Calculating cv score for user 6226e297b1b7597bc5a2112b
2022-06-16 13:53:21,107 : INFO : utils : Calculating cv score for user 6226f571a0091a39de06a676
2022-06-16 13:53:21,221 : INFO : utils : Calculating cv score for user 61dbd426d4ab64500de9aed7
2022-06-16 13:53:21,370 : INFO : utils : Calculating cv score for user 61e7e558977d1f04de0347bc
2022-06-16 13:53:21,506 : INFO : utils : Calculating cv score for user 61f6813bcd001b887d37ae54
2022-06-16 13:53:21,652 : INFO : utils : Calculating cv score for user 61f681fbcf6b336b13516bd9
2022-06-16 13:53:21,774 : INFO : utils : Calculating cv score for user 61f6820479b05cb82f372635
2022-06-16 13:53:21,897 : INFO : utils : Calculating cv score for user 62020cfc25f46369bdf8fc99
2022-06-16 13:53:22,017 : INFO : utils : Calculating cv score for user 62020d4f38ec416d5c89a22b
2022-06-16 13:53:22,151 : INFO : utils : Calculating cv score for user 62020df938ec416d5c89daff
2022-06-16 13:53:22,293 : INFO : utils : Calculating cv score for user 62020e3a59fe6196373563ce
2022-06-16 13:53:22,431 : INFO : utils : Calculating cv score for user 620fcebece3d856c03cada24
2022-06-16 13:53:22,552 : INFO : utils : Calculating cv score for user 62385a1706329d3f927039e2
2022-06-16 13:53:22,691 : INFO : utils : Calculating cv score for user 619f904c7f4bcf0384149664
2022-06-16 13:53:22,826 : INFO : utils : Calculating cv score for user 6225ddaa1888215fa6f7446a
2022-06-16 13:53:22,963 : INFO : utils : Calculating cv score for user 61f60a8dcf6b336b13414f48
2022-06-16 13:53:23,095 : INFO : utils : Calculating cv score for user 62020d322e81d8f4871250ca
2022-06-16 13:53:23,229 : INFO : utils : Calculating cv score for user 61f6817d79b05cb82f3713f5
2022-06-16 13:53:23,371 : INFO : utils : Calculating cv score for user 620fce7dfeaeea9be64bb187
2022-06-16 13:53:23,522 : INFO : utils : Calculating cv score for user 61f68185cd001b887d37b851
2022-06-16 13:53:23,647 : INFO : utils : Calculating cv score for user 61f681b180917b1d99452145
2022-06-16 13:53:23,830 : INFO : utils : Calculating cv score for user 620fced173582db0445f2928
2022-06-16 13:53:23,950 : INFO : utils : Calculating cv score for user 62020e272e81d8f487129db0
2022-06-16 13:53:24,075 : INFO : utils : Calculating cv score for user 62020e4438ec416d5c89edec
2022-06-16 13:53:24,251 : INFO : utils : Calculating cv score for user 6202112425f46369bdfa1039
2022-06-16 13:53:24,388 : INFO : utils : Calculating cv score for user 620fce6273582db0445f1a30
2022-06-16 13:53:24,565 : INFO : utils : Calculating cv score for user 6226dc23b1b7597bc5a21125
2022-06-16 13:53:24,766 : INFO : utils : Calculating cv score for user 61da81f8d4ab64500dd02c19
2022-06-16 13:53:25,020 : INFO : utils : Calculating cv score for user 61f6818ecd001b887d37b996
2022-06-16 13:53:25,234 : INFO : utils : Calculating cv score for user 61f681a080917b1d99451ed9
2022-06-16 13:53:25,459 : INFO : utils : Calculating cv score for user 61f681a9cd001b887d37bd30
2022-06-16 13:53:25,638 : INFO : utils : Calculating cv score for user 62020d3c2e81d8f487125364
2022-06-16 13:53:25,822 : INFO : utils : Calculating cv score for user 62020d7359fe619637352565
2022-06-16 13:53:25,940 : INFO : utils : Calculating cv score for user 62020d962e81d8f487126d39
2022-06-16 13:53:26,088 : INFO : utils : Calculating cv score for user 62020db138ec416d5c89be08
2022-06-16 13:53:26,215 : INFO : utils : Calculating cv score for user 62020ddf59fe6196373543e7
2022-06-16 13:53:26,373 : INFO : utils : Calculating cv score for user 62020e022e81d8f487129441
2022-06-16 13:53:26,502 : INFO : utils : Calculating cv score for user 62020e1d59fe619637355cd6
2022-06-16 13:53:26,657 : INFO : utils : Calculating cv score for user 620fceab1537aac2bef8f74e
2022-06-16 13:53:26,788 : INFO : utils : Calculating cv score for user 6226f609a0091a39de06a678
2022-06-16 13:53:26,912 : INFO : utils : Calculating cv score for user 6225dcb61888215fa6f74468
2022-06-16 13:53:27,032 : INFO : utils : Calculating cv score for user 62224908b10d5295d2332a7d
2022-06-16 13:53:27,164 : INFO : utils : Calculating cv score for user 6225f2fa1888215fa6f744d7
2022-06-16 13:53:27,280 : INFO : utils : Calculating cv score for user 62138da245967510c878ae50
2022-06-16 13:53:27,402 : INFO : utils : Calculating cv score for user 6228895b97168ee8d9be0153
2022-06-16 13:53:27,531 : INFO : utils : Calculating cv score for user 61f6812a79b05cb82f37082e
2022-06-16 13:53:27,665 : INFO : utils : Calculating cv score for user 62020df059fe619637354b06
2022-06-16 13:53:27,799 : INFO : utils : Calculating cv score for user 62020e1438ec416d5c89e206
2022-06-16 13:53:27,947 : INFO : utils : Calculating cv score for user 62020eaf38ec416d5c8a081d
2022-06-16 13:53:28,068 : INFO : utils : Calculating cv score for user 6225de071888215fa6f7446b
2022-06-16 13:53:28,189 : INFO : utils : Calculating cv score for user 6226de79b1b7597bc5a21128
2022-06-16 13:53:28,308 : INFO : utils : Calculating cv score for user 62271a16b517ffffe1349b2a
2022-06-16 13:53:28,443 : INFO : utils : Calculating cv score for user 61f60a58cf6b336b13414a90
2022-06-16 13:53:28,564 : INFO : utils : Calculating cv score for user 61f6819779b05cb82f371791
2022-06-16 13:53:28,697 : INFO : utils : Calculating cv score for user 62020e5e25f46369bdf964f7
2022-06-16 13:53:28,817 : INFO : utils : Calculating cv score for user 62020e9d2e81d8f48712bab2
2022-06-16 13:53:28,938 : INFO : utils : Calculating cv score for user 61b8e80a9a7c69284a41dea1
2022-06-16 13:53:29,068 : INFO : utils : Calculating cv score for user 61f6820dcd001b887d37cb10
2022-06-16 13:53:29,198 : INFO : utils : Calculating cv score for user 62020d5838ec416d5c89a484
2022-06-16 13:53:29,334 : INFO : utils : Calculating cv score for user 62020dba25f46369bdf93043
2022-06-16 13:53:29,465 : INFO : utils : Calculating cv score for user 620fceb473582db0445f2539
2022-06-16 13:53:29,581 : INFO : utils : Calculating cv score for user 6222489eb10d5295d2332a7b
2022-06-16 13:53:29,740 : INFO : utils : Calculating cv score for user 61f6814e80917b1d994513f0
2022-06-16 13:53:29,877 : INFO : utils : Calculating cv score for user 61f68173cd001b887d37b625
2022-06-16 13:53:30,012 : INFO : utils : Calculating cv score for user 61f681f279b05cb82f3723d7
2022-06-16 13:53:30,138 : INFO : utils : Calculating cv score for user 62020cf32e81d8f4871241b4
2022-06-16 13:53:30,260 : INFO : utils : Calculating cv score for user 62020d4538ec416d5c899f88
2022-06-16 13:53:30,385 : INFO : utils : Calculating cv score for user 62020d6a59fe6196373522b6
2022-06-16 13:53:30,564 : INFO : utils : Calculating cv score for user 62020e7a38ec416d5c89fb63
2022-06-16 13:53:30,693 : INFO : utils : Calculating cv score for user 62020e9425f46369bdf97180
2022-06-16 13:53:30,850 : INFO : utils : Calculating cv score for user 620fce9a73582db0445f21b9
2022-06-16 13:53:31,001 : INFO : utils : Calculating cv score for user 620fcec8ce3d856c03cadb82
2022-06-16 13:53:31,130 : INFO : utils : Calculating cv score for user 6230cbfc06329d3f927039c2
2022-06-16 13:53:31,257 : INFO : utils : Calculating cv score for user 6229db244c7cfbd3e1b8ab87
2022-06-16 13:53:31,388 : INFO : utils : Calculating cv score for user 61f60af1cf6b336b1341581c
2022-06-16 13:53:31,521 : INFO : utils : Calculating cv score for user 61f68144cf6b336b13515333
2022-06-16 13:53:31,668 : INFO : utils : Calculating cv score for user 62020d8e38ec416d5c89b41a
2022-06-16 13:53:31,802 : INFO : utils : Calculating cv score for user 62020dd625f46369bdf93898
2022-06-16 13:53:31,939 : INFO : utils : Calculating cv score for user 62020e7138ec416d5c89f92f
2022-06-16 13:53:32,071 : INFO : utils : Calculating cv score for user 620e03a8869fdfc8bf6f29c1
2022-06-16 13:53:32,211 : INFO : utils : Calculating cv score for user 62277e34e004fd45b2c2a69c
2022-06-16 13:53:32,668 : INFO : utils : Calculating cv score for user 61f68157cf6b336b1351563e
2022-06-16 13:53:32,788 : INFO : utils : Calculating cv score for user 61f681bacf6b336b1351630b
2022-06-16 13:53:32,914 : INFO : utils : Calculating cv score for user 61f681cd80917b1d99452545
2022-06-16 13:53:33,040 : INFO : utils : Calculating cv score for user 62020e0b59fe619637355811
2022-06-16 13:53:33,163 : INFO : utils : Calculating cv score for user 62020e5538ec416d5c89f291
2022-06-16 13:53:33,289 : INFO : utils : Calculating cv score for user 61fbcfc75d19489e2d579b85
2022-06-16 13:53:33,653 : INFO : utils : Calculating cv score for user 6214e4a24ea45d042b8c4338
2022-06-16 13:53:33,785 : INFO : utils : Calculating cv score for user 61b22e029a7c69284a044f78
2022-06-16 13:53:33,938 : INFO : utils : Calculating cv score for user 6225dbe71888215fa6f74466
2022-06-16 13:53:34,071 : INFO : utils : Calculating cv score for user 61f6813280917b1d99450fb9
2022-06-16 13:53:34,256 : INFO : utils : Calculating cv score for user 6225ea811888215fa6f744b8
2022-06-16 13:53:34,450 : INFO : utils : Calculating cv score for user 62020d0e25f46369bdf900aa
2022-06-16 13:53:34,708 : INFO : utils : Calculating cv score for user 61c94f35766161a449a657d7
2022-06-16 13:53:34,841 : INFO : utils : Calculating cv score for user 61dd233dd4ab64500d1a50ba
2022-06-16 13:53:34,994 : INFO : utils : Calculating cv score for user 62020d0559fe619637350715
2022-06-16 13:53:35,112 : INFO : utils : Calculating cv score for user 62020d7b2e81d8f4871265c8
2022-06-16 13:53:35,226 : INFO : utils : Calculating cv score for user 62020d8525f46369bdf9212a
2022-06-16 13:53:35,343 : INFO : utils : Calculating cv score for user 62020e312e81d8f48712a02e
2022-06-16 13:53:35,476 : INFO : utils : Calculating cv score for user 62020e4d25f46369bdf95ffb
2022-06-16 13:53:35,595 : INFO : utils : Calculating cv score for user 62020e8c38ec416d5c89ffa7
2022-06-16 13:53:35,764 : INFO : utils : Calculating cv score for user 62039efe2e81d8f4875f93dd
2022-06-16 13:53:35,886 : INFO : utils : Calculating cv score for user 620fce7473582db0445f1cb5
2022-06-16 13:53:36,035 : INFO : utils : Calculating cv score for user 61dc41f0766161a449d83615
2022-06-16 13:53:36,157 : INFO : utils : Calculating cv score for user 61dc41f9766161a449d83753
2022-06-16 13:53:36,279 : INFO : utils : Calculating cv score for user 61f681e980917b1d994528fd
2022-06-16 13:53:36,394 : INFO : utils : Calculating cv score for user 62020d172e81d8f4871249f6
2022-06-16 13:53:36,510 : INFO : utils : Calculating cv score for user 62020d2938ec416d5c899809
2022-06-16 13:53:36,627 : INFO : utils : Calculating cv score for user 62020dc438ec416d5c89c3e0
2022-06-16 13:53:36,771 : INFO : utils : Calculating cv score for user 62020e6759fe619637356f2b
2022-06-16 13:53:36,907 : INFO : utils : Calculating cv score for user 620c773ae4a25d1ccb955f89
2022-06-16 13:53:37,040 : INFO : utils : Calculating cv score for user 620fcee4feaeea9be64bbf38
2022-06-16 13:53:37,169 : INFO : utils : Calculating cv score for user 623081116dd8b2bef341c898
2022-06-16 13:53:37,293 : INFO : utils : Calculating cv score for user 61f681e079b05cb82f37217c
2022-06-16 13:53:37,431 : INFO : utils : Calculating cv score for user 62020cea2e81d8f487123f69
2022-06-16 13:53:37,570 : INFO : utils : Calculating cv score for user 62020d202e81d8f487124c13
2022-06-16 13:53:37,708 : INFO : utils : Calculating cv score for user 62020da825f46369bdf92afa
2022-06-16 13:53:37,851 : INFO : utils : Calculating cv score for user 62020de859fe6196373546b0
2022-06-16 13:53:37,983 : INFO : utils : Calculating cv score for user 62020ea625f46369bdf975c7
2022-06-16 13:53:38,104 : INFO : utils : Calculating cv score for user 620fce58ce3d856c03cacc6a
2022-06-16 13:53:38,224 : INFO : utils : Calculating cv score for user 620fce6b1537aac2bef8ee73
2022-06-16 13:53:38,341 : INFO : utils : Calculating cv score for user 620fcedbce3d856c03cade19
2022-06-16 13:53:38,461 : INFO : utils : Calculating cv score for user 61acd41b6b98d3178dd43a85
2022-06-16 13:53:38,793 : INFO : utils : Calculating cv score for user 61f681c480917b1d994523fc
2022-06-16 13:53:38,913 : INFO : utils : Calculating cv score for user 61f681d7cd001b887d37c3be
2022-06-16 13:53:39,039 : INFO : utils : Calculating cv score for user 62020dcd2e81d8f487127d17
2022-06-16 13:53:39,160 : INFO : utils : Calculating cv score for user 6202112f25f46369bdfa12be
2022-06-16 13:53:39,284 : INFO : utils : Calculating cv score for user 62039f2b38ec416d5cd6dda1
2022-06-16 13:53:39,419 : INFO : utils : Calculating cv score for user 6208a34ed590e62ab359e3f0
2022-06-16 13:53:39,541 : INFO : utils : Calculating cv score for user 620fce8773582db0445f1f2c
2022-06-16 13:53:39,665 : INFO : utils : Calculating cv score for user 620fcea2ce3d856c03cad67e
2022-06-16 13:53:39,789 : INFO : utils : Calculating cv score for user 623c08ab3fc16bc9ed1aa3f0
2022-06-16 13:53:39,907 : INFO : utils : Calculating cv score for user 623d62edf8ad975c68ba5bf7
2022-06-16 13:53:40,037 : INFO : utils : Calculating cv score for user 623d62eef8ad975c68ba5bf9
2022-06-16 13:53:40,162 : INFO : utils : Calculating cv score for user 623d6a3e0c48e9e0a109670b
2022-06-16 13:53:40,287 : INFO : utils : Calculating cv score for user 62464095b2a3506d9fa9fa2e
2022-06-16 13:53:40,442 : INFO : utils : Calculating cv score for user 62464096b2a3506d9fa9fa30
2022-06-16 13:53:40,576 : INFO : utils : Calculating cv score for user 624be205c422d50ddd638313
2022-06-16 13:53:40,702 : INFO : utils : Calculating cv score for user 624be206c422d50ddd638315
2022-06-16 13:53:40,862 : INFO : utils : Calculating cv score for user 624be207c422d50ddd638317
2022-06-16 13:53:41,003 : INFO : utils : Calculating cv score for user 624be208c422d50ddd638319
2022-06-16 13:53:41,147 : INFO : utils : Calculating cv score for user 624be209c422d50ddd63831b
2022-06-16 13:53:41,269 : INFO : utils : Calculating cv score for user 624be20ac422d50ddd63831d
2022-06-16 13:53:41,394 : INFO : utils : Calculating cv score for user 624be20cc422d50ddd638321
2022-06-16 13:53:41,516 : INFO : utils : Calculating cv score for user 624be20dc422d50ddd638323
2022-06-16 13:53:41,650 : INFO : utils : Calculating cv score for user 624be20ec422d50ddd638325
2022-06-16 13:53:41,776 : INFO : utils : Calculating cv score for user 624be20fc422d50ddd638327
2022-06-16 13:53:41,900 : INFO : utils : Calculating cv score for user 624e8b25d92a9fc6d0585ef6
2022-06-16 13:53:42,026 : INFO : utils : Calculating cv score for user 624ec6303f217dadfad02c08
2022-06-16 13:53:42,166 : INFO : utils : Calculating cv score for user 6253c36f9c889bb5c7a4cb6a
2022-06-16 13:53:42,305 : INFO : utils : Calculating cv score for user 626b75f6480a77ce612415e6
2022-06-16 13:53:42,425 : INFO : utils : Calculating cv score for user 627bac6cbf38b197aae9500e
2022-06-16 13:53:42,546 : INFO : utils : Calculating cv score for user 627bac6dbf38b197aae95010
2022-06-16 13:53:42,670 : INFO : utils : Calculating cv score for user 629f02fc90cc750651e37b74
2022-06-16 13:53:42,791 : INFO : utils : Calculating cv score for user 62a7c646e10c1e1d01fe89ce
2022-06-16 13:53:42,913 : INFO : utils : Calculating cv score for user 62aa791fe5755cf6eded4a10
2022-06-16 13:53:43,064 : INFO : utils : Calculating cv score for user 623b6742c1d3424005250b7b
2022-06-16 13:54:26,208 : INFO : utils : Calculating cv score for user 61e15548039c32d4ffb3999f
2022-06-16 13:54:26,382 : INFO : utils : Calculating cv score for user 6226fef5b517ffffe1349b24
2022-06-16 13:54:26,516 : INFO : utils : Calculating cv score for user 61acd3f46b98d3178dd434f1
2022-06-16 13:54:26,668 : INFO : utils : Calculating cv score for user 61baf47b07bca92ee581db13
2022-06-16 13:54:26,851 : INFO : utils : Calculating cv score for user 61dd5b06766161a449f6888a
2022-06-16 13:54:26,990 : INFO : utils : Calculating cv score for user 61f60ac3cf6b336b1341540d
2022-06-16 13:54:27,132 : INFO : utils : Calculating cv score for user 61f6816080917b1d994516ac
2022-06-16 13:54:27,267 : INFO : utils : Calculating cv score for user 61f68169cf6b336b13515884
2022-06-16 13:54:27,628 : INFO : utils : Calculating cv score for user 62020cd825f46369bdf8f3e1
2022-06-16 13:54:27,758 : INFO : utils : Calculating cv score for user 62020ce12e81d8f487123d4c
2022-06-16 13:54:28,152 : INFO : utils : Calculating cv score for user 62020d6125f46369bdf916e7
2022-06-16 13:54:28,598 : INFO : utils : Calculating cv score for user 62020d9f59fe61963735311b
2022-06-16 13:54:28,734 : INFO : utils : Calculating cv score for user 62020e8359fe6196373575d2
2022-06-16 13:54:29,106 : INFO : utils : Calculating cv score for user 620211392e81d8f487135b5b
2022-06-16 13:54:29,232 : INFO : utils : Calculating cv score for user 620fce9073582db0445f2076
2022-06-16 13:54:29,400 : INFO : utils : Calculating cv score for user 6225a0c0bae275f2744fa709
2022-06-16 13:54:29,532 : INFO : utils : Calculating cv score for user 6226e297b1b7597bc5a2112b
2022-06-16 13:54:29,688 : INFO : utils : Calculating cv score for user 6226f571a0091a39de06a676
2022-06-16 13:54:29,866 : INFO : utils : Calculating cv score for user 61dbd426d4ab64500de9aed7
2022-06-16 13:54:29,995 : INFO : utils : Calculating cv score for user 61e7e558977d1f04de0347bc
2022-06-16 13:54:30,129 : INFO : utils : Calculating cv score for user 61f6813bcd001b887d37ae54
2022-06-16 13:54:30,258 : INFO : utils : Calculating cv score for user 61f681fbcf6b336b13516bd9
2022-06-16 13:54:30,598 : INFO : utils : Calculating cv score for user 61f6820479b05cb82f372635
2022-06-16 13:54:30,745 : INFO : utils : Calculating cv score for user 62020cfc25f46369bdf8fc99
2022-06-16 13:54:30,878 : INFO : utils : Calculating cv score for user 62020d4f38ec416d5c89a22b
2022-06-16 13:54:31,008 : INFO : utils : Calculating cv score for user 62020df938ec416d5c89daff
2022-06-16 13:54:31,153 : INFO : utils : Calculating cv score for user 62020e3a59fe6196373563ce
2022-06-16 13:54:31,280 : INFO : utils : Calculating cv score for user 620fcebece3d856c03cada24
2022-06-16 13:54:31,397 : INFO : utils : Calculating cv score for user 62385a1706329d3f927039e2
2022-06-16 13:54:31,579 : INFO : utils : Calculating cv score for user 619f904c7f4bcf0384149664
2022-06-16 13:54:31,716 : INFO : utils : Calculating cv score for user 6225ddaa1888215fa6f7446a
2022-06-16 13:54:31,850 : INFO : utils : Calculating cv score for user 61f60a8dcf6b336b13414f48
2022-06-16 13:54:32,002 : INFO : utils : Calculating cv score for user 62020d322e81d8f4871250ca
2022-06-16 13:54:32,173 : INFO : utils : Calculating cv score for user 61f6817d79b05cb82f3713f5
2022-06-16 13:54:32,317 : INFO : utils : Calculating cv score for user 620fce7dfeaeea9be64bb187
2022-06-16 13:54:32,438 : INFO : utils : Calculating cv score for user 61f68185cd001b887d37b851
2022-06-16 13:54:32,561 : INFO : utils : Calculating cv score for user 61f681b180917b1d99452145
2022-06-16 13:54:32,693 : INFO : utils : Calculating cv score for user 620fced173582db0445f2928
2022-06-16 13:54:32,824 : INFO : utils : Calculating cv score for user 62020e272e81d8f487129db0
2022-06-16 13:54:32,959 : INFO : utils : Calculating cv score for user 62020e4438ec416d5c89edec
2022-06-16 13:54:33,086 : INFO : utils : Calculating cv score for user 6202112425f46369bdfa1039
2022-06-16 13:54:33,223 : INFO : utils : Calculating cv score for user 620fce6273582db0445f1a30
2022-06-16 13:54:33,371 : INFO : utils : Calculating cv score for user 6226dc23b1b7597bc5a21125
2022-06-16 13:54:33,497 : INFO : utils : Calculating cv score for user 61da81f8d4ab64500dd02c19
2022-06-16 13:54:33,626 : INFO : utils : Calculating cv score for user 61f6818ecd001b887d37b996
2022-06-16 13:54:33,768 : INFO : utils : Calculating cv score for user 61f681a080917b1d99451ed9
2022-06-16 13:54:33,905 : INFO : utils : Calculating cv score for user 61f681a9cd001b887d37bd30
2022-06-16 13:54:34,050 : INFO : utils : Calculating cv score for user 62020d3c2e81d8f487125364
2022-06-16 13:54:34,173 : INFO : utils : Calculating cv score for user 62020d7359fe619637352565
2022-06-16 13:54:34,330 : INFO : utils : Calculating cv score for user 62020d962e81d8f487126d39
2022-06-16 13:54:34,465 : INFO : utils : Calculating cv score for user 62020db138ec416d5c89be08
2022-06-16 13:54:34,592 : INFO : utils : Calculating cv score for user 62020ddf59fe6196373543e7
2022-06-16 13:54:34,732 : INFO : utils : Calculating cv score for user 62020e022e81d8f487129441
2022-06-16 13:54:34,895 : INFO : utils : Calculating cv score for user 62020e1d59fe619637355cd6
2022-06-16 13:54:35,030 : INFO : utils : Calculating cv score for user 620fceab1537aac2bef8f74e
2022-06-16 13:54:35,210 : INFO : utils : Calculating cv score for user 6226f609a0091a39de06a678
2022-06-16 13:54:35,346 : INFO : utils : Calculating cv score for user 6225dcb61888215fa6f74468
2022-06-16 13:54:35,480 : INFO : utils : Calculating cv score for user 62224908b10d5295d2332a7d
2022-06-16 13:54:35,611 : INFO : utils : Calculating cv score for user 6225f2fa1888215fa6f744d7
2022-06-16 13:54:35,741 : INFO : utils : Calculating cv score for user 62138da245967510c878ae50
2022-06-16 13:54:35,911 : INFO : utils : Calculating cv score for user 6228895b97168ee8d9be0153
2022-06-16 13:54:36,045 : INFO : utils : Calculating cv score for user 61f6812a79b05cb82f37082e
2022-06-16 13:54:36,175 : INFO : utils : Calculating cv score for user 62020df059fe619637354b06
2022-06-16 13:54:36,303 : INFO : utils : Calculating cv score for user 62020e1438ec416d5c89e206
2022-06-16 13:54:36,454 : INFO : utils : Calculating cv score for user 62020eaf38ec416d5c8a081d
2022-06-16 13:54:36,611 : INFO : utils : Calculating cv score for user 6225de071888215fa6f7446b
2022-06-16 13:54:36,744 : INFO : utils : Calculating cv score for user 6226de79b1b7597bc5a21128
2022-06-16 13:54:36,943 : INFO : utils : Calculating cv score for user 62271a16b517ffffe1349b2a
2022-06-16 13:54:37,064 : INFO : utils : Calculating cv score for user 61f60a58cf6b336b13414a90
2022-06-16 13:54:37,187 : INFO : utils : Calculating cv score for user 61f6819779b05cb82f371791
2022-06-16 13:54:37,315 : INFO : utils : Calculating cv score for user 62020e5e25f46369bdf964f7
2022-06-16 13:54:37,445 : INFO : utils : Calculating cv score for user 62020e9d2e81d8f48712bab2
2022-06-16 13:54:37,580 : INFO : utils : Calculating cv score for user 61b8e80a9a7c69284a41dea1
2022-06-16 13:54:37,735 : INFO : utils : Calculating cv score for user 61f6820dcd001b887d37cb10
2022-06-16 13:54:37,881 : INFO : utils : Calculating cv score for user 62020d5838ec416d5c89a484
2022-06-16 13:54:38,022 : INFO : utils : Calculating cv score for user 62020dba25f46369bdf93043
2022-06-16 13:54:38,155 : INFO : utils : Calculating cv score for user 620fceb473582db0445f2539
2022-06-16 13:54:38,295 : INFO : utils : Calculating cv score for user 6222489eb10d5295d2332a7b
2022-06-16 13:54:38,654 : INFO : utils : Calculating cv score for user 61f6814e80917b1d994513f0
2022-06-16 13:54:38,784 : INFO : utils : Calculating cv score for user 61f68173cd001b887d37b625
2022-06-16 13:54:38,920 : INFO : utils : Calculating cv score for user 61f681f279b05cb82f3723d7
2022-06-16 13:54:39,049 : INFO : utils : Calculating cv score for user 62020cf32e81d8f4871241b4
2022-06-16 13:54:39,174 : INFO : utils : Calculating cv score for user 62020d4538ec416d5c899f88
2022-06-16 13:54:39,301 : INFO : utils : Calculating cv score for user 62020d6a59fe6196373522b6
2022-06-16 13:54:39,430 : INFO : utils : Calculating cv score for user 62020e7a38ec416d5c89fb63
2022-06-16 13:54:39,569 : INFO : utils : Calculating cv score for user 62020e9425f46369bdf97180
2022-06-16 13:54:39,696 : INFO : utils : Calculating cv score for user 620fce9a73582db0445f21b9
2022-06-16 13:54:39,833 : INFO : utils : Calculating cv score for user 620fcec8ce3d856c03cadb82
2022-06-16 13:54:39,970 : INFO : utils : Calculating cv score for user 6230cbfc06329d3f927039c2
2022-06-16 13:54:40,104 : INFO : utils : Calculating cv score for user 6229db244c7cfbd3e1b8ab87
2022-06-16 13:54:40,236 : INFO : utils : Calculating cv score for user 61f60af1cf6b336b1341581c
2022-06-16 13:54:40,410 : INFO : utils : Calculating cv score for user 61f68144cf6b336b13515333
2022-06-16 13:54:40,542 : INFO : utils : Calculating cv score for user 62020d8e38ec416d5c89b41a
2022-06-16 13:54:40,677 : INFO : utils : Calculating cv score for user 62020dd625f46369bdf93898
2022-06-16 13:54:40,827 : INFO : utils : Calculating cv score for user 62020e7138ec416d5c89f92f
2022-06-16 13:54:40,958 : INFO : utils : Calculating cv score for user 620e03a8869fdfc8bf6f29c1
2022-06-16 13:54:41,097 : INFO : utils : Calculating cv score for user 62277e34e004fd45b2c2a69c
2022-06-16 13:54:41,243 : INFO : utils : Calculating cv score for user 61f68157cf6b336b1351563e
2022-06-16 13:54:41,369 : INFO : utils : Calculating cv score for user 61f681bacf6b336b1351630b
2022-06-16 13:54:41,505 : INFO : utils : Calculating cv score for user 61f681cd80917b1d99452545
2022-06-16 13:54:41,641 : INFO : utils : Calculating cv score for user 62020e0b59fe619637355811
2022-06-16 13:54:41,786 : INFO : utils : Calculating cv score for user 62020e5538ec416d5c89f291
2022-06-16 13:54:41,927 : INFO : utils : Calculating cv score for user 61fbcfc75d19489e2d579b85
2022-06-16 13:54:42,059 : INFO : utils : Calculating cv score for user 6214e4a24ea45d042b8c4338
2022-06-16 13:54:42,411 : INFO : utils : Calculating cv score for user 61b22e029a7c69284a044f78
2022-06-16 13:54:42,533 : INFO : utils : Calculating cv score for user 6225dbe71888215fa6f74466
2022-06-16 13:54:42,666 : INFO : utils : Calculating cv score for user 61f6813280917b1d99450fb9
2022-06-16 13:54:42,787 : INFO : utils : Calculating cv score for user 6225ea811888215fa6f744b8
2022-06-16 13:54:43,134 : INFO : utils : Calculating cv score for user 62020d0e25f46369bdf900aa
2022-06-16 13:54:43,263 : INFO : utils : Calculating cv score for user 61c94f35766161a449a657d7
2022-06-16 13:54:43,387 : INFO : utils : Calculating cv score for user 61dd233dd4ab64500d1a50ba
2022-06-16 13:54:43,523 : INFO : utils : Calculating cv score for user 62020d0559fe619637350715
2022-06-16 13:54:43,654 : INFO : utils : Calculating cv score for user 62020d7b2e81d8f4871265c8
2022-06-16 13:54:43,777 : INFO : utils : Calculating cv score for user 62020d8525f46369bdf9212a
2022-06-16 13:54:43,906 : INFO : utils : Calculating cv score for user 62020e312e81d8f48712a02e
2022-06-16 13:54:44,056 : INFO : utils : Calculating cv score for user 62020e4d25f46369bdf95ffb
2022-06-16 13:54:44,172 : INFO : utils : Calculating cv score for user 62020e8c38ec416d5c89ffa7
2022-06-16 13:54:44,307 : INFO : utils : Calculating cv score for user 62039efe2e81d8f4875f93dd
2022-06-16 13:54:44,438 : INFO : utils : Calculating cv score for user 620fce7473582db0445f1cb5
2022-06-16 13:54:44,566 : INFO : utils : Calculating cv score for user 61dc41f0766161a449d83615
2022-06-16 13:54:45,013 : INFO : utils : Calculating cv score for user 61dc41f9766161a449d83753
2022-06-16 13:54:45,137 : INFO : utils : Calculating cv score for user 61f681e980917b1d994528fd
2022-06-16 13:54:45,274 : INFO : utils : Calculating cv score for user 62020d172e81d8f4871249f6
2022-06-16 13:54:45,404 : INFO : utils : Calculating cv score for user 62020d2938ec416d5c899809
2022-06-16 13:54:45,537 : INFO : utils : Calculating cv score for user 62020dc438ec416d5c89c3e0
2022-06-16 13:54:45,662 : INFO : utils : Calculating cv score for user 62020e6759fe619637356f2b
2022-06-16 13:54:45,781 : INFO : utils : Calculating cv score for user 620c773ae4a25d1ccb955f89
2022-06-16 13:54:45,931 : INFO : utils : Calculating cv score for user 620fcee4feaeea9be64bbf38
2022-06-16 13:54:46,060 : INFO : utils : Calculating cv score for user 623081116dd8b2bef341c898
2022-06-16 13:54:46,199 : INFO : utils : Calculating cv score for user 61f681e079b05cb82f37217c
2022-06-16 13:54:46,333 : INFO : utils : Calculating cv score for user 62020cea2e81d8f487123f69
2022-06-16 13:54:46,468 : INFO : utils : Calculating cv score for user 62020d202e81d8f487124c13
2022-06-16 13:54:46,623 : INFO : utils : Calculating cv score for user 62020da825f46369bdf92afa
2022-06-16 13:54:46,746 : INFO : utils : Calculating cv score for user 62020de859fe6196373546b0
2022-06-16 13:54:47,229 : INFO : utils : Calculating cv score for user 62020ea625f46369bdf975c7
2022-06-16 13:54:47,370 : INFO : utils : Calculating cv score for user 620fce58ce3d856c03cacc6a
2022-06-16 13:54:47,494 : INFO : utils : Calculating cv score for user 620fce6b1537aac2bef8ee73
2022-06-16 13:54:47,621 : INFO : utils : Calculating cv score for user 620fcedbce3d856c03cade19
2022-06-16 13:54:47,739 : INFO : utils : Calculating cv score for user 61acd41b6b98d3178dd43a85
2022-06-16 13:54:47,854 : INFO : utils : Calculating cv score for user 61f681c480917b1d994523fc
2022-06-16 13:54:47,977 : INFO : utils : Calculating cv score for user 61f681d7cd001b887d37c3be
2022-06-16 13:54:48,102 : INFO : utils : Calculating cv score for user 62020dcd2e81d8f487127d17
2022-06-16 13:54:48,228 : INFO : utils : Calculating cv score for user 6202112f25f46369bdfa12be
2022-06-16 13:54:48,352 : INFO : utils : Calculating cv score for user 62039f2b38ec416d5cd6dda1
2022-06-16 13:54:48,489 : INFO : utils : Calculating cv score for user 6208a34ed590e62ab359e3f0
2022-06-16 13:54:48,614 : INFO : utils : Calculating cv score for user 620fce8773582db0445f1f2c
2022-06-16 13:54:48,734 : INFO : utils : Calculating cv score for user 620fcea2ce3d856c03cad67e
2022-06-16 13:54:48,854 : INFO : utils : Calculating cv score for user 623c08ab3fc16bc9ed1aa3f0
2022-06-16 13:54:48,971 : INFO : utils : Calculating cv score for user 623d62edf8ad975c68ba5bf7
2022-06-16 13:54:49,120 : INFO : utils : Calculating cv score for user 623d62eef8ad975c68ba5bf9
2022-06-16 13:54:49,249 : INFO : utils : Calculating cv score for user 623d6a3e0c48e9e0a109670b
2022-06-16 13:54:49,397 : INFO : utils : Calculating cv score for user 62464095b2a3506d9fa9fa2e
2022-06-16 13:54:49,526 : INFO : utils : Calculating cv score for user 62464096b2a3506d9fa9fa30
2022-06-16 13:54:49,647 : INFO : utils : Calculating cv score for user 624be205c422d50ddd638313
2022-06-16 13:54:49,777 : INFO : utils : Calculating cv score for user 624be206c422d50ddd638315
2022-06-16 13:54:49,902 : INFO : utils : Calculating cv score for user 624be207c422d50ddd638317
2022-06-16 13:54:50,035 : INFO : utils : Calculating cv score for user 624be208c422d50ddd638319
2022-06-16 13:54:50,209 : INFO : utils : Calculating cv score for user 624be209c422d50ddd63831b
2022-06-16 13:54:50,444 : INFO : utils : Calculating cv score for user 624be20ac422d50ddd63831d
2022-06-16 13:54:50,693 : INFO : utils : Calculating cv score for user 624be20cc422d50ddd638321
2022-06-16 13:54:50,921 : INFO : utils : Calculating cv score for user 624be20dc422d50ddd638323
2022-06-16 13:54:51,146 : INFO : utils : Calculating cv score for user 624be20ec422d50ddd638325
2022-06-16 13:54:51,502 : INFO : utils : Calculating cv score for user 624be20fc422d50ddd638327
2022-06-16 13:54:51,762 : INFO : utils : Calculating cv score for user 624e8b25d92a9fc6d0585ef6
2022-06-16 13:54:52,042 : INFO : utils : Calculating cv score for user 624ec6303f217dadfad02c08
2022-06-16 13:54:52,286 : INFO : utils : Calculating cv score for user 6253c36f9c889bb5c7a4cb6a
2022-06-16 13:54:52,520 : INFO : utils : Calculating cv score for user 626b75f6480a77ce612415e6
2022-06-16 13:54:52,847 : INFO : utils : Calculating cv score for user 627bac6cbf38b197aae9500e
2022-06-16 13:54:53,054 : INFO : utils : Calculating cv score for user 627bac6dbf38b197aae95010
2022-06-16 13:54:53,255 : INFO : utils : Calculating cv score for user 629f02fc90cc750651e37b74
2022-06-16 13:54:53,518 : INFO : utils : Calculating cv score for user 62a7c646e10c1e1d01fe89ce
2022-06-16 13:54:53,713 : INFO : utils : Calculating cv score for user 62aa791fe5755cf6eded4a10
2022-06-16 13:54:53,945 : INFO : utils : Calculating cv score for user 623b6742c1d3424005250b7b
2022-06-16 14:56:43,151 : INFO : utils : Email sent to vatsal@fineprint.legal
2022-06-16 14:59:47,875 : INFO : utils : Email sent to vatsal@fineprint.legal
2022-06-17 11:20:03,703 : INFO : utils : File deleted from C:\Users\vatsal\Desktop\FastApiMailNew/generated_documents/pay_JUE86Xh0EEdOYB.docx
2022-06-17 11:20:40,255 : INFO : utils : File deleted from C:\Users\vatsal\Desktop\FastApiMailNew/generated_documents/pay_JUE86Xh0EEdOYB.docx
2022-06-17 11:22:44,153 : INFO : utils : File deleted from C:\Users\vatsal\Desktop\FastApiMailNew/generated_documents/pay_JUE86Xh0EEdOYB.docx
2022-06-17 11:23:39,107 : INFO : utils : File deleted from C:\Users\vatsal\Desktop\FastApiMailNew/generated_documents/pay_JUE86Xh0EEdOYB.docx
2022-06-17 11:24:26,222 : INFO : utils : File deleted from C:\Users\vatsal\Desktop\FastApiMailNew/generated_documents/pay_JUE86Xh0EEdOYB.docx
2022-06-17 11:25:09,152 : INFO : utils : File deleted from C:\Users\vatsal\Desktop\FastApiMailNew/generated_documents/pay_JUE86Xh0EEdOYB.docx
2022-06-17 11:25:55,806 : ERROR : main : incorrect file path for attachment or not readable
2022-06-17 11:25:55,806 : ERROR : main : incorrect file path for attachment or not readable
2022-06-17 11:26:45,267 : ERROR : main : incorrect file path for attachment or not readable
2022-06-17 11:26:45,267 : ERROR : main : incorrect file path for attachment or not readable
2022-06-17 11:27:32,582 : ERROR : main : incorrect file path for attachment or not readable
2022-06-17 11:27:32,582 : ERROR : main : incorrect file path for attachment or not readable
2022-06-17 11:27:54,230 : INFO : utils : Email sent to vatsal@fineprint.legal
2022-06-17 11:27:54,231 : INFO : utils : Invoice sent to vatsal@fineprint.legal
2022-06-17 11:27:59,100 : INFO : utils : File deleted from C:\Users\vatsal\Desktop\FastApiMailNew/generated_documents/pay_JUE86Xh0EEdOYB.docx
2022-06-17 11:29:15,240 : INFO : utils : Email sent to vatsal@fineprint.legal
2022-06-17 11:29:15,240 : INFO : utils : Invoice sent to vatsal@fineprint.legal
2022-06-17 11:29:19,209 : INFO : utils : File deleted from C:\Users\vatsal\Desktop\FastApiMailNew/generated_documents/pay_JUE86Xh0EEdOYB.docx
2022-06-17 11:29:56,752 : INFO : utils : Email sent to vatsal@fineprint.legal
2022-06-17 11:29:56,753 : INFO : utils : Invoice sent to vatsal@fineprint.legal
2022-06-17 11:30:00,531 : INFO : utils : File deleted from C:\Users\vatsal\Desktop\FastApiMailNew/generated_documents/pay_JUE86Xh0EEdOYB.docx
2022-06-17 11:34:09,038 : INFO : main : Request from: 106.215.42.106
2022-06-17 11:34:09,038 : INFO : main : Request from: 106.215.42.106
2022-06-17 11:41:39,045 : INFO : utils : Email sent to shubh@fineprint.legal
2022-06-17 11:44:12,799 : INFO : utils : Email sent to shubh@fineprint.legal
2022-06-17 12:14:17,042 : INFO : utils : Email sent to shubh@fineprint.legal
